[2026-02-21 01:03:59] [success] File uploaded: Dokumen (1).pdf (Session: ue9vovigpe1t0tihqf1ijebjvk)
[2026-02-21 01:04:16] [success] Print started: Dokumen (1).pdf (Session: ue9vovigpe1t0tihqf1ijebjvk)
[2026-02-21 01:06:12] [success] Print started: Dokumen (1).pdf (Session: ue9vovigpe1t0tihqf1ijebjvk)
[2026-02-21 02:57:30] [success] File uploaded: Dokumen (1) (1).pdf (Session: uhsk3pdd7u0r23st24s8l2hjer)
[2026-02-21 02:58:52] [success] Print started: Dokumen (1) (1).pdf (Session: uhsk3pdd7u0r23st24s8l2hjer)
[2026-02-21 02:58:59] [success] Print started: Dokumen (1) (1).pdf (Session: uhsk3pdd7u0r23st24s8l2hjer)
[2026-02-21 06:05:17] [success] File uploaded: Dokumen (1).pdf (Session: r5cblpctvkjplf17lg873susi1)
[2026-02-21 06:05:22] [success] Print started: Dokumen (1).pdf (Session: r5cblpctvkjplf17lg873susi1)
[2026-02-21 06:08:47] [delete] File deleted: Dokumen (1).pdf
[2026-02-21 06:08:54] [success] File uploaded: Dokumen (1).pdf (Session: r5cblpctvkjplf17lg873susi1)
[2026-02-21 06:08:58] [success] Print started: Dokumen (1).pdf (Session: r5cblpctvkjplf17lg873susi1)
[2026-02-21 06:09:08] [delete] File deleted: Dokumen (1).pdf
[2026-02-21 06:09:24] [success] File uploaded: Dokumen (1).pdf (Session: r5cblpctvkjplf17lg873susi1)
[2026-02-21 06:09:27] [success] Print started: Dokumen (1).pdf (Session: r5cblpctvkjplf17lg873susi1)
[2026-02-21 06:09:49] [delete] File deleted: Dokumen (1).pdf
[2026-02-21 06:10:11] [success] File uploaded: Dokumen (1).pdf (Session: scfordbqka0akbscu3fuds6sdq)
[2026-02-21 06:10:15] [success] Print started: Dokumen (1).pdf (Session: scfordbqka0akbscu3fuds6sdq)
[2026-02-21 06:11:16] [success] Print started: Dokumen (1).pdf (Session: scfordbqka0akbscu3fuds6sdq)
[2026-02-21 07:12:34] [success] File uploaded: Dokumen (1) (1).pdf (Session: e7rge0epfccf939mflidspehur)
[2026-02-21 07:12:43] [debug] Print command output: Starting SumatraPDF 3.5.2, GetCommandLineW():
"C:\Users\LENOVO\AppData\Local\SumatraPDF\SumatraPDF.exe" -print-to "EPSON L120 Series" "C:\xampp\htdocs\printserver/uploads/Dokumen (1) (1).pdf" -silent
OpenEmbeddedFilesArchive: opened archive
LoadSettings() took 1.56 ms
ParseTranslationsTxt: 17632 lines, nStrings: 372
PrintFile: file: 'C:\xampp\htdocs\printserver/uploads/Dokumen (1) (1).pdf', printer: 'EPSON L120 Series'
PrintFile2: file: 'C:\xampp\htdocs\printserver\uploads\Dokumen (1) (1).pdf', printer: 'EPSON L120 Series'
PrintToDevice: printer: 'EPSON L120 Series', file: 'C:\xampp\htdocs\printserver\uploads\Dokumen (1) (1).pdf'
PrintToDevice: finished ok
PrintFile2: finished ok
PrintFile: finished ok
Finished printing, exitCode: 0
Exiting with exit code: 0
[2026-02-21 07:12:45] [success] Print started: Dokumen (1) (1).pdf (Session: e7rge0epfccf939mflidspehur) - Printer: EPSON L120 Series | File: C:\xampp\htdocs\printserver/uploads/Dokumen (1) (1).pdf | Path exists: YES | Output: Starting SumatraPDF 3.5.2, GetCommandLineW():
"C:\Users\LENOVO\AppData\Local\SumatraPDF\SumatraPDF.e
[2026-02-21 07:14:53] [success] File uploaded: Cv.pdf (Session: nl71t2l2p9jad3h865k6qvk6v9)
[2026-02-21 07:31:01] [success] File uploaded: Dokumen (1).pdf (Session: e7rge0epfccf939mflidspehur)
[2026-02-21 07:31:09] [debug] Print command output: Starting SumatraPDF 3.5.2, GetCommandLineW():
"C:\Users\LENOVO\AppData\Local\SumatraPDF\SumatraPDF.exe" -print-to "EPSON L120 Series" "C:\xampp\htdocs\printserver/uploads/Dokumen (1).pdf" -silent
OpenEmbeddedFilesArchive: opened archive
LoadSettings() took 1.68 ms
ParseTranslationsTxt: 17632 lines, nStrings: 372
PrintFile: file: 'C:\xampp\htdocs\printserver/uploads/Dokumen (1).pdf', printer: 'EPSON L120 Series'
PrintFile2: file: 'C:\xampp\htdocs\printserver\uploads\Dokumen (1).pdf', printer: 'EPSON L120 Series'
PrintToDevice: printer: 'EPSON L120 Series', file: 'C:\xampp\htdocs\printserver\uploads\Dokumen (1).pdf'
PrintToDevice: finished ok
PrintFile2: finished ok
PrintFile: finished ok
Finished printing, exitCode: 0
Exiting with exit code: 0
[2026-02-21 07:31:11] [success] Print started: Dokumen (1).pdf (Session: e7rge0epfccf939mflidspehur) - Printer: EPSON L120 Series | File: C:\xampp\htdocs\printserver/uploads/Dokumen (1).pdf | Path exists: YES | Output: Starting SumatraPDF 3.5.2, GetCommandLineW():
"C:\Users\LENOVO\AppData\Local\SumatraPDF\SumatraPDF.e
[2026-02-21 07:31:35] [info] Print cancelled: Dokumen (1).pdf (Session: e7rge0epfccf939mflidspehur)
[2026-02-21 07:34:23] [info] Client registered: Tes Aja si (Session: nl71t2l2p9jad3h865k6qvk6v9)
[2026-02-21 07:44:37] [delete] File deleted: Cv.pdf
[2026-02-21 07:45:11] [info] Client registered: Tes Ya (Session: mkv85uao9edg59ql4i396kn1n1)
[2026-02-21 07:46:04] [info] Client registered: Coko (Session: 4dnv0i1n0viq74ogf5dj7tqk4f)
[2026-02-21 07:53:47] [info] Client registered: Okelah (Session: e7rge0epfccf939mflidspehur)
[2026-02-21 07:54:29] [success] File uploaded: Dokumen (1).pdf | Client: Okelah (Session: e7rge0epfccf939mflidspehur)
[2026-02-21 07:54:47] [debug] Print command output: Starting SumatraPDF 3.5.2, GetCommandLineW():
"C:\Users\LENOVO\AppData\Local\SumatraPDF\SumatraPDF.exe" -print-to "EPSON L120 Series" "C:\xampp\htdocs\printserver/uploads/Dokumen (1).pdf" -silent
OpenEmbeddedFilesArchive: opened archive
LoadSettings() took 1.56 ms
ParseTranslationsTxt: 17632 lines, nStrings: 372
PrintFile: file: 'C:\xampp\htdocs\printserver/uploads/Dokumen (1).pdf', printer: 'EPSON L120 Series'
PrintFile2: file: 'C:\xampp\htdocs\printserver\uploads\Dokumen (1).pdf', printer: 'EPSON L120 Series'
PrintToDevice: printer: 'EPSON L120 Series', file: 'C:\xampp\htdocs\printserver\uploads\Dokumen (1).pdf'
PrintToDevice: finished ok
PrintFile2: finished ok
PrintFile: finished ok
Finished printing, exitCode: 0
Exiting with exit code: 0
[2026-02-21 07:54:49] [success] Print started: Dokumen (1).pdf | Client: Okelah (Session: e7rge0epfccf939mflidspehur) - Printer: EPSON L120 Series | File: C:\xampp\htdocs\printserver/uploads/Dokumen (1).pdf | Path exists: YES | Output: Starting SumatraPDF 3.5.2, GetCommandLineW():
"C:\Users\LENOVO\AppData\Local\SumatraPDF\SumatraPDF.e
[2026-02-21 08:01:44] [success] File uploaded: Cv.pdf | Client: Tes Ya (Session: mkv85uao9edg59ql4i396kn1n1)
[2026-02-21 08:01:53] [delete] File deleted: Cv.pdf
[2026-02-21 08:03:45] [info] Print cancelled: Dokumen (1).pdf (Session: e7rge0epfccf939mflidspehur)
[2026-02-21 08:08:41] [success] File uploaded: Dokumen (1).pdf | Client: Okelah (Session: e7rge0epfccf939mflidspehur)
[2026-02-21 08:09:04] [debug] Print command output: Starting SumatraPDF 3.5.2, GetCommandLineW():
"C:\Users\LENOVO\AppData\Local\SumatraPDF\SumatraPDF.exe" -print-to "EPSON L120 Series" "C:\xampp\htdocs\printserver/uploads/Dokumen (1).pdf" -silent
OpenEmbeddedFilesArchive: opened archive
LoadSettings() took 8.89 ms
ParseTranslationsTxt: 17632 lines, nStrings: 372
PrintFile: file: 'C:\xampp\htdocs\printserver/uploads/Dokumen (1).pdf', printer: 'EPSON L120 Series'
PrintFile2: file: 'C:\xampp\htdocs\printserver\uploads\Dokumen (1).pdf', printer: 'EPSON L120 Series'
PrintToDevice: printer: 'EPSON L120 Series', file: 'C:\xampp\htdocs\printserver\uploads\Dokumen (1).pdf'
PrintToDevice: finished ok
PrintFile2: finished ok
PrintFile: finished ok
Finished printing, exitCode: 0
Exiting with exit code: 0
[2026-02-21 08:09:05] [info] Print file deleted from queue: Dokumen (1).pdf
[2026-02-21 08:09:09] [error] Print failed: File not found - Dokumen (1).pdf
[2026-02-21 08:14:04] [success] File uploaded: Dokumen (1).pdf | Client: Okelah (Session: e7rge0epfccf939mflidspehur)
[2026-02-21 08:14:09] [debug] Print command output: Starting SumatraPDF 3.5.2, GetCommandLineW():
"C:\Users\LENOVO\AppData\Local\SumatraPDF\SumatraPDF.exe" -print-to "EPSON L120 Series" "C:\xampp\htdocs\printserver/uploads/Dokumen (1).pdf" -silent
OpenEmbeddedFilesArchive: opened archive
LoadSettings() took 1.62 ms
ParseTranslationsTxt: 17632 lines, nStrings: 372
PrintFile: file: 'C:\xampp\htdocs\printserver/uploads/Dokumen (1).pdf', printer: 'EPSON L120 Series'
PrintFile2: file: 'C:\xampp\htdocs\printserver\uploads\Dokumen (1).pdf', printer: 'EPSON L120 Series'
PrintToDevice: printer: 'EPSON L120 Series', file: 'C:\xampp\htdocs\printserver\uploads\Dokumen (1).pdf'
PrintToDevice: finished ok
PrintFile2: finished ok
PrintFile: finished ok
Finished printing, exitCode: 0
Exiting with exit code: 0
[2026-02-21 08:14:10] [info] Print file deleted from queue: Dokumen (1).pdf
[2026-02-21 08:14:12] [error] Print failed: File not found - Dokumen (1).pdf
